<?xml version="1.0" encoding="utf-8"?><testsuites><testsuite name="pytest" errors="0" failures="0" skipped="0" tests="3" time="12.729" timestamp="2023-05-28T19:43:31.415183" hostname="DESKTOP-55U0O1K"><testcase classname="test_e2e.TestOne" name="test_e2e" time="8.990" /><testcase classname="test_homepage.TestHomepage" name="test_for_submission[get_data0]" time="3.210" /><testcase classname="test_homepage.TestHomepage" name="test_for_submission[get_data1]" time="0.500" /></testsuite></testsuites>